2021-03-05 00:08:54,983 INFO org.springframework.boot.StartupInfoLogger [restartedMain] Starting Application using Java 15.0.1 on DESKTOP-5LSHH6H with PID 9292 (C:\Users\Pichau\Documents\workspace-spring-tool-suite-4-4.9.0.RELEASE\spring-boot\target\classes started by Pichau in C:\Users\Pichau\Documents\workspace-spring-tool-suite-4-4.9.0.RELEASE\spring-boot)
2021-03-05 00:08:54,989 DEBUG org.springframework.boot.StartupInfoLogger [restartedMain] Running with Spring Boot v2.4.2, Spring v5.3.3
2021-03-05 00:08:54,990 INFO org.springframework.boot.SpringApplication [restartedMain] No active profile set, falling back to default profiles: default
2021-03-05 00:09:09,058 INFO org.springframework.boot.StartupInfoLogger [restartedMain] Started Application in 15.288 seconds (JVM running for 18.552)
2021-03-05 00:09:39,721 INFO org.springframework.boot.StartupInfoLogger [restartedMain] Starting Application using Java 15.0.1 on DESKTOP-5LSHH6H with PID 3868 (C:\Users\Pichau\Documents\workspace-spring-tool-suite-4-4.9.0.RELEASE\spring-boot\target\classes started by Pichau in C:\Users\Pichau\Documents\workspace-spring-tool-suite-4-4.9.0.RELEASE\spring-boot)
2021-03-05 00:09:39,725 DEBUG org.springframework.boot.StartupInfoLogger [restartedMain] Running with Spring Boot v2.4.2, Spring v5.3.3
2021-03-05 00:09:39,734 INFO org.springframework.boot.SpringApplication [restartedMain] No active profile set, falling back to default profiles: default
2021-03-05 00:14:20,262 INFO org.springframework.boot.StartupInfoLogger [restartedMain] Starting Application using Java 15.0.1 on DESKTOP-5LSHH6H with PID 9292 (C:\Users\Pichau\Documents\workspace-spring-tool-suite-4-4.9.0.RELEASE\spring-boot\target\classes started by Pichau in C:\Users\Pichau\Documents\workspace-spring-tool-suite-4-4.9.0.RELEASE\spring-boot)
2021-03-05 00:14:20,264 DEBUG org.springframework.boot.StartupInfoLogger [restartedMain] Running with Spring Boot v2.4.2, Spring v5.3.3
2021-03-05 00:14:20,264 INFO org.springframework.boot.SpringApplication [restartedMain] No active profile set, falling back to default profiles: default
2021-03-05 00:14:27,824 INFO org.springframework.boot.StartupInfoLogger [restartedMain] Started Application in 7.669 seconds (JVM running for 337.318)
2021-03-05 00:14:39,623 INFO org.springframework.boot.StartupInfoLogger [restartedMain] Starting Application using Java 15.0.1 on DESKTOP-5LSHH6H with PID 9292 (C:\Users\Pichau\Documents\workspace-spring-tool-suite-4-4.9.0.RELEASE\spring-boot\target\classes started by Pichau in C:\Users\Pichau\Documents\workspace-spring-tool-suite-4-4.9.0.RELEASE\spring-boot)
2021-03-05 00:14:39,624 DEBUG org.springframework.boot.StartupInfoLogger [restartedMain] Running with Spring Boot v2.4.2, Spring v5.3.3
2021-03-05 00:14:39,624 INFO org.springframework.boot.SpringApplication [restartedMain] No active profile set, falling back to default profiles: default
2021-03-05 00:14:51,220 INFO org.springframework.boot.StartupInfoLogger [restartedMain] Started Application in 11.79 seconds (JVM running for 360.715)
2021-03-05 00:18:43,822 WARN br.com.projetofinanceiro.controller.IndexController [http-nio-8080-exec-1] Acesso ao homepage
2021-03-05 00:18:50,047 INFO br.com.projetofinanceiro.controller.PessoaController [http-nio-8080-exec-4] Acessando a pagina cadastro de despesas
2021-03-05 00:19:04,067 INFO br.com.projetofinanceiro.controller.PessoaController [http-nio-8080-exec-6] Acessando a pagina cadastro de despesas
2021-03-05 00:19:31,781 INFO br.com.projetofinanceiro.controller.PessoaController [http-nio-8080-exec-7] Sucesso ao salvar a pessoa
2021-03-05 00:20:38,981 INFO br.com.projetofinanceiro.controller.ReceitasController [http-nio-8080-exec-10] Entrando na função de cadastrar receitas
2021-03-05 00:20:57,546 INFO br.com.projetofinanceiro.controller.ReceitasController [http-nio-8080-exec-3] Entrando na função de cadastrar receitas
2021-03-05 00:22:43,921 INFO br.com.projetofinanceiro.controller.ReceitasController [http-nio-8080-exec-7] Entrando na função de cadastrar receitas
2021-03-05 00:22:45,675 INFO br.com.projetofinanceiro.controller.ReceitasController [http-nio-8080-exec-9] Entrando na função de cadastrar receitas
2021-03-05 00:22:53,250 INFO br.com.projetofinanceiro.controller.ReceitasController [http-nio-8080-exec-8] Receita salva com sucesso
2021-03-05 00:23:26,617 INFO br.com.projetofinanceiro.controller.PessoaController [http-nio-8080-exec-10] Acessando a pagina cadastro de despesas
2021-03-05 00:26:14,852 INFO org.springframework.boot.StartupInfoLogger [restartedMain] Starting Application using Java 15.0.1 on DESKTOP-5LSHH6H with PID 9292 (C:\Users\Pichau\Documents\workspace-spring-tool-suite-4-4.9.0.RELEASE\spring-boot\target\classes started by Pichau in C:\Users\Pichau\Documents\workspace-spring-tool-suite-4-4.9.0.RELEASE\spring-boot)
2021-03-05 00:26:14,853 DEBUG org.springframework.boot.StartupInfoLogger [restartedMain] Running with Spring Boot v2.4.2, Spring v5.3.3
2021-03-05 00:26:14,853 INFO org.springframework.boot.SpringApplication [restartedMain] No active profile set, falling back to default profiles: default
2021-03-05 00:26:20,410 INFO org.springframework.boot.StartupInfoLogger [restartedMain] Started Application in 5.629 seconds (JVM running for 1049.904)
2021-03-05 00:27:00,937 INFO org.springframework.boot.StartupInfoLogger [restartedMain] Starting Application using Java 15.0.1 on DESKTOP-5LSHH6H with PID 9292 (C:\Users\Pichau\Documents\workspace-spring-tool-suite-4-4.9.0.RELEASE\spring-boot\target\classes started by Pichau in C:\Users\Pichau\Documents\workspace-spring-tool-suite-4-4.9.0.RELEASE\spring-boot)
2021-03-05 00:27:00,937 DEBUG org.springframework.boot.StartupInfoLogger [restartedMain] Running with Spring Boot v2.4.2, Spring v5.3.3
2021-03-05 00:27:00,937 INFO org.springframework.boot.SpringApplication [restartedMain] No active profile set, falling back to default profiles: default
2021-03-05 00:27:07,363 INFO org.springframework.boot.StartupInfoLogger [restartedMain] Started Application in 6.544 seconds (JVM running for 1096.858)
2021-03-05 00:29:04,220 INFO org.springframework.boot.StartupInfoLogger [restartedMain] Starting Application using Java 15.0.1 on DESKTOP-5LSHH6H with PID 9292 (C:\Users\Pichau\Documents\workspace-spring-tool-suite-4-4.9.0.RELEASE\spring-boot\target\classes started by Pichau in C:\Users\Pichau\Documents\workspace-spring-tool-suite-4-4.9.0.RELEASE\spring-boot)
2021-03-05 00:29:04,220 DEBUG org.springframework.boot.StartupInfoLogger [restartedMain] Running with Spring Boot v2.4.2, Spring v5.3.3
2021-03-05 00:29:04,220 INFO org.springframework.boot.SpringApplication [restartedMain] No active profile set, falling back to default profiles: default
2021-03-05 00:29:10,260 INFO org.springframework.boot.StartupInfoLogger [restartedMain] Started Application in 6.215 seconds (JVM running for 1219.754)
2021-03-05 00:31:10,813 INFO org.springframework.boot.StartupInfoLogger [restartedMain] Starting Application using Java 15.0.1 on DESKTOP-5LSHH6H with PID 9292 (C:\Users\Pichau\Documents\workspace-spring-tool-suite-4-4.9.0.RELEASE\spring-boot\target\classes started by Pichau in C:\Users\Pichau\Documents\workspace-spring-tool-suite-4-4.9.0.RELEASE\spring-boot)
2021-03-05 00:31:10,814 DEBUG org.springframework.boot.StartupInfoLogger [restartedMain] Running with Spring Boot v2.4.2, Spring v5.3.3
2021-03-05 00:31:10,816 INFO org.springframework.boot.SpringApplication [restartedMain] No active profile set, falling back to default profiles: default
2021-03-05 00:31:16,776 INFO org.springframework.boot.StartupInfoLogger [restartedMain] Started Application in 6.058 seconds (JVM running for 1346.27)
2021-03-05 00:31:29,460 INFO br.com.projetofinanceiro.controller.PessoaController [http-nio-8080-exec-2] Acessando a pagina cadastro de despesas
2021-03-05 00:31:32,121 INFO br.com.projetofinanceiro.controller.ReceitasController [http-nio-8080-exec-3] Entrando na função de cadastrar receitas
2021-03-05 00:31:40,262 INFO br.com.projetofinanceiro.controller.PessoaController [http-nio-8080-exec-4] Acessando a pagina cadastro de despesas
2021-03-05 00:38:39,952 INFO br.com.projetofinanceiro.controller.ReceitasController [http-nio-8080-exec-7] Entrando na função de cadastrar receitas
2021-03-05 00:38:43,372 INFO br.com.projetofinanceiro.controller.PessoaController [http-nio-8080-exec-8] Acessando a pagina cadastro de despesas
2021-03-05 00:38:57,492 INFO org.springframework.boot.StartupInfoLogger [restartedMain] Starting Application using Java 15.0.1 on DESKTOP-5LSHH6H with PID 9292 (C:\Users\Pichau\Documents\workspace-spring-tool-suite-4-4.9.0.RELEASE\spring-boot\target\classes started by Pichau in C:\Users\Pichau\Documents\workspace-spring-tool-suite-4-4.9.0.RELEASE\spring-boot)
2021-03-05 00:38:57,493 DEBUG org.springframework.boot.StartupInfoLogger [restartedMain] Running with Spring Boot v2.4.2, Spring v5.3.3
2021-03-05 00:38:57,493 INFO org.springframework.boot.SpringApplication [restartedMain] No active profile set, falling back to default profiles: default
2021-03-05 00:39:02,633 INFO org.springframework.boot.StartupInfoLogger [restartedMain] Started Application in 5.203 seconds (JVM running for 1812.127)
2021-03-05 00:42:38,543 INFO org.springframework.boot.StartupInfoLogger [restartedMain] Starting Application using Java 15.0.1 on DESKTOP-5LSHH6H with PID 9292 (C:\Users\Pichau\Documents\workspace-spring-tool-suite-4-4.9.0.RELEASE\spring-boot\target\classes started by Pichau in C:\Users\Pichau\Documents\workspace-spring-tool-suite-4-4.9.0.RELEASE\spring-boot)
2021-03-05 00:42:38,543 DEBUG org.springframework.boot.StartupInfoLogger [restartedMain] Running with Spring Boot v2.4.2, Spring v5.3.3
2021-03-05 00:42:38,543 INFO org.springframework.boot.SpringApplication [restartedMain] No active profile set, falling back to default profiles: default
2021-03-05 00:42:44,671 INFO org.springframework.boot.StartupInfoLogger [restartedMain] Started Application in 6.2 seconds (JVM running for 2034.165)
2021-03-05 00:42:47,927 INFO br.com.projetofinanceiro.controller.PessoaController [http-nio-8080-exec-1] Acessando a pagina cadastro de despesas
2021-03-05 00:42:50,481 INFO br.com.projetofinanceiro.controller.ReceitasController [http-nio-8080-exec-2] Entrando na função de cadastrar receitas
2021-03-05 00:43:13,938 INFO org.springframework.boot.StartupInfoLogger [restartedMain] Starting Application using Java 15.0.1 on DESKTOP-5LSHH6H with PID 9292 (C:\Users\Pichau\Documents\workspace-spring-tool-suite-4-4.9.0.RELEASE\spring-boot\target\classes started by Pichau in C:\Users\Pichau\Documents\workspace-spring-tool-suite-4-4.9.0.RELEASE\spring-boot)
2021-03-05 00:43:13,938 DEBUG org.springframework.boot.StartupInfoLogger [restartedMain] Running with Spring Boot v2.4.2, Spring v5.3.3
2021-03-05 00:43:13,941 INFO org.springframework.boot.SpringApplication [restartedMain] No active profile set, falling back to default profiles: default
2021-03-05 00:43:19,841 INFO org.springframework.boot.StartupInfoLogger [restartedMain] Started Application in 5.987 seconds (JVM running for 2069.335)
2021-03-05 00:43:22,777 INFO br.com.projetofinanceiro.controller.ReceitasController [http-nio-8080-exec-1] Entrando na função de cadastrar receitas
2021-03-05 00:43:47,778 INFO br.com.projetofinanceiro.controller.PessoaController [http-nio-8080-exec-2] Acessando a pagina cadastro de despesas
2021-03-05 00:45:56,288 INFO org.springframework.boot.StartupInfoLogger [restartedMain] Starting Application using Java 15.0.1 on DESKTOP-5LSHH6H with PID 9292 (C:\Users\Pichau\Documents\workspace-spring-tool-suite-4-4.9.0.RELEASE\spring-boot\target\classes started by Pichau in C:\Users\Pichau\Documents\workspace-spring-tool-suite-4-4.9.0.RELEASE\spring-boot)
2021-03-05 00:45:56,288 DEBUG org.springframework.boot.StartupInfoLogger [restartedMain] Running with Spring Boot v2.4.2, Spring v5.3.3
2021-03-05 00:45:56,289 INFO org.springframework.boot.SpringApplication [restartedMain] No active profile set, falling back to default profiles: default
2021-03-05 00:46:03,647 INFO org.springframework.boot.StartupInfoLogger [restartedMain] Started Application in 7.413 seconds (JVM running for 2233.142)
2021-03-05 00:46:17,847 INFO org.springframework.boot.StartupInfoLogger [restartedMain] Starting Application using Java 15.0.1 on DESKTOP-5LSHH6H with PID 9292 (C:\Users\Pichau\Documents\workspace-spring-tool-suite-4-4.9.0.RELEASE\spring-boot\target\classes started by Pichau in C:\Users\Pichau\Documents\workspace-spring-tool-suite-4-4.9.0.RELEASE\spring-boot)
2021-03-05 00:46:17,847 DEBUG org.springframework.boot.StartupInfoLogger [restartedMain] Running with Spring Boot v2.4.2, Spring v5.3.3
2021-03-05 00:46:17,847 INFO org.springframework.boot.SpringApplication [restartedMain] No active profile set, falling back to default profiles: default
2021-03-05 00:46:25,192 INFO org.springframework.boot.StartupInfoLogger [restartedMain] Started Application in 7.411 seconds (JVM running for 2254.686)
2021-03-05 00:46:38,482 INFO br.com.projetofinanceiro.controller.PessoaController [http-nio-8080-exec-2] Acessando a pagina cadastro de despesas
2021-03-05 00:46:40,512 INFO br.com.projetofinanceiro.controller.ReceitasController [http-nio-8080-exec-3] Entrando na função de cadastrar receitas
2021-03-05 00:46:44,461 INFO br.com.projetofinanceiro.controller.PessoaController [http-nio-8080-exec-4] Acessando a pagina cadastro de despesas
2021-03-05 00:47:55,113 INFO org.springframework.boot.StartupInfoLogger [restartedMain] Starting Application using Java 15.0.1 on DESKTOP-5LSHH6H with PID 9292 (C:\Users\Pichau\Documents\workspace-spring-tool-suite-4-4.9.0.RELEASE\spring-boot\target\classes started by Pichau in C:\Users\Pichau\Documents\workspace-spring-tool-suite-4-4.9.0.RELEASE\spring-boot)
2021-03-05 00:47:55,114 DEBUG org.springframework.boot.StartupInfoLogger [restartedMain] Running with Spring Boot v2.4.2, Spring v5.3.3
2021-03-05 00:47:55,114 INFO org.springframework.boot.SpringApplication [restartedMain] No active profile set, falling back to default profiles: default
2021-03-05 00:48:00,797 INFO org.springframework.boot.StartupInfoLogger [restartedMain] Started Application in 5.835 seconds (JVM running for 2350.291)
2021-03-05 00:48:31,866 INFO br.com.projetofinanceiro.controller.PessoaController [http-nio-8080-exec-1] Acessando a pagina cadastro de despesas
2021-03-05 00:49:20,184 INFO org.springframework.boot.StartupInfoLogger [restartedMain] Starting Application using Java 15.0.1 on DESKTOP-5LSHH6H with PID 9292 (C:\Users\Pichau\Documents\workspace-spring-tool-suite-4-4.9.0.RELEASE\spring-boot\target\classes started by Pichau in C:\Users\Pichau\Documents\workspace-spring-tool-suite-4-4.9.0.RELEASE\spring-boot)
2021-03-05 00:49:20,185 DEBUG org.springframework.boot.StartupInfoLogger [restartedMain] Running with Spring Boot v2.4.2, Spring v5.3.3
2021-03-05 00:49:20,185 INFO org.springframework.boot.SpringApplication [restartedMain] No active profile set, falling back to default profiles: default
2021-03-05 00:49:26,198 INFO org.springframework.boot.StartupInfoLogger [restartedMain] Started Application in 6.133 seconds (JVM running for 2435.692)
2021-03-05 01:06:58,105 INFO org.springframework.boot.StartupInfoLogger [restartedMain] Starting Application using Java 15.0.1 on DESKTOP-5LSHH6H with PID 9292 (C:\Users\Pichau\Documents\workspace-spring-tool-suite-4-4.9.0.RELEASE\spring-boot\target\classes started by Pichau in C:\Users\Pichau\Documents\workspace-spring-tool-suite-4-4.9.0.RELEASE\spring-boot)
2021-03-05 01:06:58,105 DEBUG org.springframework.boot.StartupInfoLogger [restartedMain] Running with Spring Boot v2.4.2, Spring v5.3.3
2021-03-05 01:06:58,105 INFO org.springframework.boot.SpringApplication [restartedMain] No active profile set, falling back to default profiles: default
2021-03-05 01:07:06,132 INFO org.springframework.boot.StartupInfoLogger [restartedMain] Started Application in 8.079 seconds (JVM running for 3495.626)
2021-03-05 01:41:48,058 INFO org.springframework.boot.StartupInfoLogger [restartedMain] Starting Application using Java 15.0.1 on DESKTOP-5LSHH6H with PID 9292 (C:\Users\Pichau\Documents\workspace-spring-tool-suite-4-4.9.0.RELEASE\spring-boot\target\classes started by Pichau in C:\Users\Pichau\Documents\workspace-spring-tool-suite-4-4.9.0.RELEASE\spring-boot)
2021-03-05 01:41:48,059 DEBUG org.springframework.boot.StartupInfoLogger [restartedMain] Running with Spring Boot v2.4.2, Spring v5.3.3
2021-03-05 01:41:48,059 INFO org.springframework.boot.SpringApplication [restartedMain] No active profile set, falling back to default profiles: default
2021-03-05 01:41:53,805 INFO org.springframework.boot.StartupInfoLogger [restartedMain] Started Application in 5.831 seconds (JVM running for 5583.299)
2021-03-05 01:42:04,361 INFO br.com.projetofinanceiro.controller.PessoaController [http-nio-8080-exec-2] Acessando a pagina cadastro de despesas
2021-03-05 01:42:06,997 INFO br.com.projetofinanceiro.controller.ReceitasController [http-nio-8080-exec-3] Entrando na função de cadastrar receitas
2021-03-05 01:42:13,196 INFO br.com.projetofinanceiro.controller.PessoaController [http-nio-8080-exec-4] Acessando a pagina cadastro de despesas
2021-03-05 01:43:14,426 INFO org.springframework.boot.StartupInfoLogger [restartedMain] Starting Application using Java 15.0.1 on DESKTOP-5LSHH6H with PID 9292 (C:\Users\Pichau\Documents\workspace-spring-tool-suite-4-4.9.0.RELEASE\spring-boot\target\classes started by Pichau in C:\Users\Pichau\Documents\workspace-spring-tool-suite-4-4.9.0.RELEASE\spring-boot)
2021-03-05 01:43:14,428 DEBUG org.springframework.boot.StartupInfoLogger [restartedMain] Running with Spring Boot v2.4.2, Spring v5.3.3
2021-03-05 01:43:14,428 INFO org.springframework.boot.SpringApplication [restartedMain] No active profile set, falling back to default profiles: default
2021-03-05 01:43:22,483 INFO org.springframework.boot.StartupInfoLogger [restartedMain] Started Application in 8.124 seconds (JVM running for 5671.977)
2021-03-05 01:48:09,620 INFO org.springframework.boot.StartupInfoLogger [restartedMain] Starting Application using Java 15.0.1 on DESKTOP-5LSHH6H with PID 9292 (C:\Users\Pichau\Documents\workspace-spring-tool-suite-4-4.9.0.RELEASE\spring-boot\target\classes started by Pichau in C:\Users\Pichau\Documents\workspace-spring-tool-suite-4-4.9.0.RELEASE\spring-boot)
2021-03-05 01:48:09,620 DEBUG org.springframework.boot.StartupInfoLogger [restartedMain] Running with Spring Boot v2.4.2, Spring v5.3.3
2021-03-05 01:48:09,620 INFO org.springframework.boot.SpringApplication [restartedMain] No active profile set, falling back to default profiles: default
2021-03-05 01:48:14,898 INFO org.springframework.boot.StartupInfoLogger [restartedMain] Started Application in 5.402 seconds (JVM running for 5964.391)
2021-03-05 01:48:24,849 INFO org.springframework.boot.StartupInfoLogger [restartedMain] Starting Application using Java 15.0.1 on DESKTOP-5LSHH6H with PID 9292 (C:\Users\Pichau\Documents\workspace-spring-tool-suite-4-4.9.0.RELEASE\spring-boot\target\classes started by Pichau in C:\Users\Pichau\Documents\workspace-spring-tool-suite-4-4.9.0.RELEASE\spring-boot)
2021-03-05 01:48:24,849 DEBUG org.springframework.boot.StartupInfoLogger [restartedMain] Running with Spring Boot v2.4.2, Spring v5.3.3
2021-03-05 01:48:24,849 INFO org.springframework.boot.SpringApplication [restartedMain] No active profile set, falling back to default profiles: default
2021-03-05 01:48:34,292 INFO org.springframework.boot.StartupInfoLogger [restartedMain] Started Application in 9.548 seconds (JVM running for 5983.786)
2021-03-05 01:54:17,051 INFO org.springframework.boot.StartupInfoLogger [restartedMain] Starting Application using Java 15.0.1 on DESKTOP-5LSHH6H with PID 9292 (C:\Users\Pichau\Documents\workspace-spring-tool-suite-4-4.9.0.RELEASE\spring-boot\target\classes started by Pichau in C:\Users\Pichau\Documents\workspace-spring-tool-suite-4-4.9.0.RELEASE\spring-boot)
2021-03-05 01:54:17,052 DEBUG org.springframework.boot.StartupInfoLogger [restartedMain] Running with Spring Boot v2.4.2, Spring v5.3.3
2021-03-05 01:54:17,052 INFO org.springframework.boot.SpringApplication [restartedMain] No active profile set, falling back to default profiles: default
2021-03-05 01:54:20,309 INFO org.springframework.boot.StartupInfoLogger [restartedMain] Started Application in 3.296 seconds (JVM running for 6329.804)
2021-03-05 02:05:47,937 INFO br.com.projetofinanceiro.controller.PessoaController [http-nio-8080-exec-1] Acessando a pagina cadastro de despesas
2021-03-05 02:05:49,279 INFO br.com.projetofinanceiro.controller.PessoaController [http-nio-8080-exec-2] Acessando a pagina cadastro de despesas
2021-03-05 02:05:50,379 INFO br.com.projetofinanceiro.controller.ReceitasController [http-nio-8080-exec-3] Entrando na função de cadastrar receitas
2021-03-05 02:07:44,811 INFO br.com.projetofinanceiro.controller.ReceitasController [http-nio-8080-exec-6] Entrando na função de cadastrar receitas
2021-03-05 02:07:46,218 INFO br.com.projetofinanceiro.controller.ReceitasController [http-nio-8080-exec-7] Entrando na função de cadastrar receitas
2021-03-05 02:09:44,733 INFO br.com.projetofinanceiro.controller.ReceitasController [http-nio-8080-exec-9] Entrando na função de cadastrar receitas
2021-03-05 02:09:46,057 INFO br.com.projetofinanceiro.controller.ReceitasController [http-nio-8080-exec-10] Entrando na função de cadastrar receitas
2021-03-05 02:09:46,653 INFO br.com.projetofinanceiro.controller.ReceitasController [http-nio-8080-exec-1] Entrando na função de cadastrar receitas
2021-03-05 02:09:49,626 INFO br.com.projetofinanceiro.controller.PessoaController [http-nio-8080-exec-2] Acessando a pagina cadastro de despesas
2021-03-05 02:09:50,540 INFO br.com.projetofinanceiro.controller.PessoaController [http-nio-8080-exec-3] Acessando a pagina cadastro de despesas
2021-03-05 02:09:51,460 INFO br.com.projetofinanceiro.controller.ReceitasController [http-nio-8080-exec-4] Entrando na função de cadastrar receitas
2021-03-05 02:09:54,635 INFO br.com.projetofinanceiro.controller.PessoaController [http-nio-8080-exec-5] Acessando a pagina cadastro de despesas
2021-03-05 02:09:56,333 INFO br.com.projetofinanceiro.controller.ReceitasController [http-nio-8080-exec-6] Entrando na função de cadastrar receitas
2021-03-05 02:10:30,561 INFO br.com.projetofinanceiro.controller.ReceitasController [http-nio-8080-exec-7] Entrando na função de cadastrar receitas
2021-03-05 02:12:04,923 INFO br.com.projetofinanceiro.controller.ReceitasController [http-nio-8080-exec-1] Entrando na função de cadastrar receitas
2021-03-05 02:12:06,042 INFO br.com.projetofinanceiro.controller.ReceitasController [http-nio-8080-exec-2] Entrando na função de cadastrar receitas
2021-03-05 02:12:33,446 INFO br.com.projetofinanceiro.controller.ReceitasController [http-nio-8080-exec-4] Entrando na função de cadastrar receitas
2021-03-05 02:12:34,123 INFO br.com.projetofinanceiro.controller.ReceitasController [http-nio-8080-exec-5] Entrando na função de cadastrar receitas
2021-03-05 02:12:49,378 INFO br.com.projetofinanceiro.controller.ReceitasController [http-nio-8080-exec-7] Entrando na função de cadastrar receitas
2021-03-05 02:16:20,523 INFO br.com.projetofinanceiro.controller.ReceitasController [http-nio-8080-exec-10] Entrando na função de cadastrar receitas
2021-03-05 02:18:12,290 INFO br.com.projetofinanceiro.controller.ReceitasController [http-nio-8080-exec-2] Entrando na função de cadastrar receitas
2021-03-05 02:24:46,059 INFO br.com.projetofinanceiro.controller.ReceitasController [http-nio-8080-exec-5] Entrando na função de cadastrar receitas
2021-03-05 02:24:47,085 INFO br.com.projetofinanceiro.controller.ReceitasController [http-nio-8080-exec-6] Entrando na função de cadastrar receitas
2021-03-05 02:26:28,244 INFO br.com.projetofinanceiro.controller.ReceitasController [http-nio-8080-exec-9] Entrando na função de cadastrar receitas
2021-03-05 02:26:29,051 INFO br.com.projetofinanceiro.controller.ReceitasController [http-nio-8080-exec-10] Entrando na função de cadastrar receitas
2021-03-05 02:27:20,179 INFO br.com.projetofinanceiro.controller.ReceitasController [http-nio-8080-exec-2] Entrando na função de cadastrar receitas
2021-03-05 02:28:19,995 INFO br.com.projetofinanceiro.controller.ReceitasController [http-nio-8080-exec-3] Entrando na função de cadastrar receitas
2021-03-05 02:28:38,208 INFO br.com.projetofinanceiro.controller.ReceitasController [http-nio-8080-exec-5] Entrando na função de cadastrar receitas
2021-03-05 02:35:04,937 INFO br.com.projetofinanceiro.controller.ReceitasController [http-nio-8080-exec-8] Entrando na função de cadastrar receitas
2021-03-05 02:35:06,104 INFO br.com.projetofinanceiro.controller.ReceitasController [http-nio-8080-exec-9] Entrando na função de cadastrar receitas
2021-03-05 02:35:49,267 INFO br.com.projetofinanceiro.controller.ReceitasController [http-nio-8080-exec-10] Entrando na função de cadastrar receitas
2021-03-05 02:35:51,574 INFO br.com.projetofinanceiro.controller.ReceitasController [http-nio-8080-exec-1] Entrando na função de cadastrar receitas
2021-03-05 02:40:24,907 INFO br.com.projetofinanceiro.controller.ReceitasController [http-nio-8080-exec-4] Entrando na função de cadastrar receitas
2021-03-05 02:53:02,509 INFO br.com.projetofinanceiro.controller.ReceitasController [http-nio-8080-exec-7] Entrando na função de cadastrar receitas
2021-03-05 02:54:40,881 INFO br.com.projetofinanceiro.controller.ReceitasController [http-nio-8080-exec-10] Entrando na função de cadastrar receitas
2021-03-05 02:54:42,996 INFO br.com.projetofinanceiro.controller.ReceitasController [http-nio-8080-exec-1] Entrando na função de cadastrar receitas
2021-03-05 03:14:42,152 INFO br.com.projetofinanceiro.controller.ReceitasController [http-nio-8080-exec-4] Entrando na função de cadastrar receitas
2021-03-05 03:15:10,074 INFO br.com.projetofinanceiro.controller.ReceitasController [http-nio-8080-exec-5] Entrando na função de cadastrar receitas
